<?xml version="1.0" encoding="UTF-8"?>
<testsuite xmlns:xsi="http://www.w3.org/2001/XMLSchema-instance" xsi:noNamespaceSchemaLocation="https://maven.apache.org/surefire/maven-surefire-plugin/xsd/surefire-test-report-3.0.xsd" version="3.0" name="rompecabezas.mundo.JuegoRompecabezasTest" time="0.005" tests="8" errors="0" skipped="0" failures="0">
  <properties>
[...]
</properties>
  <testcase name="testJuego" classname="rompecabezas.mundo.JuegoRompecabezasTest" time="0"/>
  <testcase name="testOrdenarPorCategoria" classname="rompecabezas.mundo.JuegoRompecabezasTest" time="0"/>
  <testcase name="testOrdenarPornombre" classname="rompecabezas.mundo.JuegoRompecabezasTest" time="0"/>
  <testcase name="testTerminarJuego" classname="rompecabezas.mundo.JuegoRompecabezasTest" time="0"/>
  <testcase name="testIniciarJuego" classname="rompecabezas.mundo.JuegoRompecabezasTest" time="0"/>
  <testcase name="testAgregarFigura1" classname="rompecabezas.mundo.JuegoRompecabezasTest" time="0"/>
  <testcase name="testAgregarFigura2" classname="rompecabezas.mundo.JuegoRompecabezasTest" time="0"/>
  <testcase name="testOrdenarPorDificultad" classname="rompecabezas.mundo.JuegoRompecabezasTest" time="0"/>
</testsuite>